  restaurant.cpp
D:\MAINGOCDOAN\C++\Restaurant\RestaurantProjectCpp\restaurant.cpp(341,13): warning C4834: discarding return value of function with 'nodiscard' attribute
D:\MAINGOCDOAN\C++\Restaurant\RestaurantProjectCpp\restaurant.cpp(369,37): warning C4267: 'return': conversion from 'size_t' to 'int', possible loss of data
D:\MAINGOCDOAN\C++\Restaurant\RestaurantProjectCpp\restaurant.cpp(389,2): warning C4267: 'initializing': conversion from 'size_t' to 'int', possible loss of data
D:\MAINGOCDOAN\C++\Restaurant\RestaurantProjectCpp\restaurant.cpp(390,42): warning C4244: '+=': conversion from 'double' to 'size_t', possible loss of data
D:\MAINGOCDOAN\C++\Restaurant\RestaurantProjectCpp\restaurant.cpp(402,18): warning C4834: discarding return value of function with 'nodiscard' attribute
restaurant.obj : error LNK2005: "private: struct Node<class std::basic_string<char,struct std::char_traits<char>,class std::allocator<char> > > * __cdecl AVL::_insertHelper(struct Node<class std::basic_string<char,struct std::char_traits<char>,class std::allocator<char> > > *,int,class std::basic_string<char,struct std::char_traits<char>,class std::allocator<char> >,int)" (?_insertHelper@AVL@@AEAAPEAU?$Node@V?$basic_string@DU?$char_traits@D@std@@V?$allocator@D@2@@std@@@@PEAU2@HV?$basic_string@DU?$char_traits@D@std@@V?$allocator@D@2@@std@@H@Z) already defined in main.obj
restaurant.obj : error LNK2005: "public: virtual bool __cdecl EvenArea::addCustomer(class std::basic_string<char,struct std::char_traits<char>,class std::allocator<char> >,int)" (?addCustomer@EvenArea@@UEAA_NV?$basic_string@DU?$char_traits@D@std@@V?$allocator@D@2@@std@@H@Z) already defined in main.obj
restaurant.obj : error LNK2005: "public: virtual bool __cdecl OddArea::addCustomer(class std::basic_string<char,struct std::char_traits<char>,class std::allocator<char> >,int)" (?addCustomer@OddArea@@UEAA_NV?$basic_string@DU?$char_traits@D@std@@V?$allocator@D@2@@std@@H@Z) already defined in main.obj
restaurant.obj : error LNK2005: "public: static unsigned __int64 __cdecl Restaurant::convertToDecimal(class std::basic_string<char,struct std::char_traits<char>,class std::allocator<char> >)" (?convertToDecimal@Restaurant@@SA_KV?$basic_string@DU?$char_traits@D@std@@V?$allocator@D@2@@std@@@Z) already defined in main.obj
restaurant.obj : error LNK2005: "public: static short __cdecl Restaurant::decideArea(unsigned __int64)" (?decideArea@Restaurant@@SAF_K@Z) already defined in main.obj
restaurant.obj : error LNK2005: "public: int __cdecl Restaurant::decideID(int)" (?decideID@Restaurant@@QEAAHH@Z) already defined in main.obj
restaurant.obj : error LNK2005: "public: static class std::basic_string<char,struct std::char_traits<char>,class std::allocator<char> > __cdecl Restaurant::encodeCustomerName(class std::basic_string<char,struct std::char_traits<char>,class std::allocator<char> >)" (?encodeCustomerName@Restaurant@@SA?AV?$basic_string@DU?$char_traits@D@std@@V?$allocator@D@2@@std@@V23@@Z) already defined in main.obj
restaurant.obj : error LNK2005: "public: static int __cdecl Restaurant::getIDTable(unsigned __int64)" (?getIDTable@Restaurant@@SAH_K@Z) already defined in main.obj
restaurant.obj : error LNK2005: "public: static int __cdecl Restaurant::getResult(class std::basic_string<char,struct std::char_traits<char>,class std::allocator<char> >)" (?getResult@Restaurant@@SAHV?$basic_string@DU?$char_traits@D@std@@V?$allocator@D@2@@std@@@Z) already defined in main.obj
restaurant.obj : error LNK2005: "public: virtual int __cdecl EvenArea::getSize(void)" (?getSize@EvenArea@@UEAAHXZ) already defined in main.obj
restaurant.obj : error LNK2005: "public: static int __cdecl EvenArea::hashResult(unsigned __int64)" (?hashResult@EvenArea@@SAH_K@Z) already defined in main.obj
restaurant.obj : error LNK2005: "public: void __cdecl AVL::insert(class std::basic_string<char,struct std::char_traits<char>,class std::allocator<char> >,int)" (?insert@AVL@@QEAAXV?$basic_string@DU?$char_traits@D@std@@V?$allocator@D@2@@std@@H@Z) already defined in main.obj
restaurant.obj : error LNK2005: "public: static bool __cdecl Restaurant::isEven(unsigned __int64)" (?isEven@Restaurant@@SA_N_K@Z) already defined in main.obj
restaurant.obj : error LNK2005: "public: void __cdecl AVL::print(void)" (?print@AVL@@QEAAXXZ) already defined in main.obj
restaurant.obj : error LNK2005: "public: virtual bool __cdecl EvenArea::removeCustomer(class std::basic_string<char,struct std::char_traits<char>,class std::allocator<char> >)" (?removeCustomer@EvenArea@@UEAA_NV?$basic_string@DU?$char_traits@D@std@@V?$allocator@D@2@@std@@@Z) already defined in main.obj
restaurant.obj : error LNK2005: "public: virtual bool __cdecl OddArea::removeCustomer(class std::basic_string<char,struct std::char_traits<char>,class std::allocator<char> >)" (?removeCustomer@OddArea@@UEAA_NV?$basic_string@DU?$char_traits@D@std@@V?$allocator@D@2@@std@@@Z) already defined in main.obj
restaurant.obj : error LNK2005: "void __cdecl simulate(class std::basic_string<char,struct std::char_traits<char>,class std::allocator<char> >)" (?simulate@@YAXV?$basic_string@DU?$char_traits@D@std@@V?$allocator@D@2@@std@@@Z) already defined in main.obj
test.obj : error LNK2005: main already defined in main.obj
D:\MAINGOCDOAN\C++\Restaurant\RestaurantProjectCpp\ConsoleApplication1\x64\Debug\ConsoleApplication1.exe : fatal error LNK1169: one or more multiply defined symbols found
